<?xml version="1.0" encoding="UTF-8"?>
<!-- Generated by org.testng.reporters.JUnitReportReporter -->
<testsuite hostname="DESKTOP-A8A5IUM" failures="0" tests="1" name="com.ui.tests.LoginTest4" time="24.425" errors="0" timestamp="2025-05-26T08:08:42 IST" skipped="0">
  <testcase classname="com.ui.tests.LoginTest4" name="login" time="24.425"/>
</testsuite> <!-- com.ui.tests.LoginTest4 -->
